2022/05/25 10:10:19 [error] 32#32: *1 FastCGI sent in stderr: "PHP message: [debug] Notified event "kernel.request" to listener "Symfony\Component\HttpKernel\EventListener\DebugHandlersListener::configure".
PHP message: [debug] Notified event "kernel.request" to listener "Symfony\Component\HttpKernel\EventListener\ValidateRequestListener::onKernelRequest".
PHP message: [debug] Notified event "kernel.request" to listener "Nelmio\CorsBundle\EventListener\CorsListener::onKernelRequest".
PHP message: [debug] Notified event "kernel.request" to listener "Symfony\Component\HttpKernel\EventListener\SessionListener::onKernelRequest".
PHP message: [debug] Notified event "kernel.request" to listener "Symfony\Component\HttpKernel\EventListener\LocaleListener::setDefaultLocale".
PHP message: [debug] Notified event "kernel.request" to listener "Symfony\Component\HttpKernel\EventListener\RouterListener::onKernelRequest".
PHP message: [error] Uncaught PHP Exception Symfony\Component\HttpKernel\Exception\NotFoundHttpException: "No route found for "GET http://93.29.97.77/actuator/health"" at /var/www/vendor/symfony/http-kernel/EventListener/RouterListener.php line 136
PHP message: [debug] Notified event "kernel.request" to listener "Symfony\Component\HttpKernel\EventListener\DebugHandlersListener::configure".
PHP message: [debug] Notified event "kernel.request" to listener "Symfony\Component\HttpKernel\EventListener\ValidateRequestListener::onKernelRequest".
PHP message: [debug] Notified event "kernel.request" to listener "Nelmio\CorsBundle\EventListener\CorsListener::onKernelRequest".
PHP message: [debug] Notified event "kernel.request" to listener "Symfony\Component\HttpKernel\EventListener\SessionListener::onKernelRequest".
PHP message: [debug] Notified event "kernel.request" to listener "Symfony\Component\HttpKernel\EventListener\LocaleListener::setDefaultLocale".
PHP message: [debug] Notified event "kernel.request" to listener "Symfony\Component\HttpKernel\EventListener\RouterListener::onKernelRequest".
PHP message: [debug] 
2022/05/25 10:10:24 [error] 32#32: *1 FastCGI sent in stderr: "ernel.request" to listener "Symfony\Component\HttpKernel\EventListener\ValidateRequestListener::onKernelRequest".
PHP message: [debug] Notified event "kernel.request" to listener "Nelmio\CorsBundle\EventListener\CorsListener::onKernelRequest".
PHP message: [debug] Notified event "kernel.request" to listener "Symfony\Component\HttpKernel\EventListener\SessionListener::onKernelRequest".
PHP message: [debug] Notified event "kernel.request" to listener "Symfony\Component\HttpKernel\EventListener\LocaleListener::setDefaultLocale".
PHP message: [debug] Notified event "kernel.request" to listener "Symfony\Component\HttpKernel\EventListener\RouterListener::onKernelRequest".
PHP message: [debug] Notified event "kernel.request" to listener "ApiPlatform\Core\EventListener\QueryParameterValidateListener::onKernelRequest".
PHP message: [debug] Notified event "kernel.request" to listener "Symfony\Component\HttpKernel\EventListener\LocaleListener::onKernelRequest".
PHP message: [debug] Notified event "kernel.request" to listener "Symfony\Component\HttpKernel\EventListener\LocaleAwareListener::onKernelRequest".
PHP message: [debug] Notified event "kernel.request" to listener "Symfony\Bundle\SecurityBundle\Debug\TraceableFirewallListener::configureLogoutUrlGenerator".
PHP message: [debug] Notified event "kernel.request" to listener "Symfony\Bundle\SecurityBundle\Debug\TraceableFirewallListener::onKernelRequest".
PHP message: [debug] Notified event "kernel.request" to listener "ApiPlatform\Core\EventListener\AddFormatListener::onKernelRequest".
PHP message: [debug] Notified event "kernel.request" to listener "ApiPlatform\Core\EventListener\ReadListener::onKernelRequest".
PHP message: [debug] Notified event "kernel.request" to listener "ApiPlatform\Core\Security\EventListener\DenyAccessListener::onSecurity".
PHP message: [debug] Notified event "kernel.request" to listener "ApiPlatform\Core\EventListener\DeserializeListener::onKernelRequest".
PHP message: [debug] Notifi
2022/05/25 10:10:24 [warn] 32#32: *1 an upstream response is buffered to a temporary file /var/cache/nginx/fastcgi_temp/1/00/0000000001 while reading upstream, client: 192.241.215.42, server: localhost, request: "GET /actuator/health HTTP/1.1", upstream: "fastcgi://172.18.0.3:9000", host: "93.29.97.77"
2022/05/25 10:10:24 [error] 32#32: *1 FastCGI sent in stderr: "PHP message: 2022-05-25T10:10:24+00:00 [critical] Uncaught Exception: An exception occurred in driver: SQLSTATE[HY000] [2002] php_network_getaddresses: getaddrinfo failed: Name does not resolvePHP message: 2022-05-25T10:10:24+00:00 [critical] Uncaught Exception: An exception occurred in driver: SQLSTATE[HY000] [2002] php_network_getaddresses: getaddrinfo failed: Name does not resolve" while reading upstream, client: 192.241.215.42, server: localhost, request: "GET /actuator/health HTTP/1.1", upstream: "fastcgi://172.18.0.3:9000", host: "93.29.97.77"
2022/05/25 10:22:37 [error] 32#32: *1 FastCGI sent in stderr: "PHP message: [debug] Notified event "kernel.request" to listener "Symfony\Component\HttpKernel\EventListener\DebugHandlersListener::configure".
PHP message: [debug] Notified event "kernel.request" to listener "Symfony\Component\HttpKernel\EventListener\ValidateRequestListener::onKernelRequest".
PHP message: [debug] Notified event "kernel.request" to listener "Nelmio\CorsBundle\EventListener\CorsListener::onKernelRequest".
PHP message: [debug] Notified event "kernel.request" to listener "Symfony\Component\HttpKernel\EventListener\SessionListener::onKernelRequest".
PHP message: [debug] Notified event "kernel.request" to listener "Symfony\Component\HttpKernel\EventListener\LocaleListener::setDefaultLocale".
PHP message: [debug] Notified event "kernel.request" to listener "Symfony\Component\HttpKernel\EventListener\RouterListener::onKernelRequest".
PHP message: [error] Uncaught PHP Exception Symfony\Component\HttpKernel\Exception\NotFoundHttpException: "No route found for "GET http://93.29.97.77/"" at /var/www/vendor/symfony/http-kernel/EventListener/RouterListener.php line 136
PHP message: [debug] Notified event "kernel.exception" to listener "BabDev\PagerfantaBundle\EventListener\ConvertNotValidCurrentPageToNotFoundListener::onKernelException".
PHP message: [debug] Notified event "kernel.exception" to listener "BabDev\PagerfantaBundle\EventListener\ConvertNotValidMaxPerPageToNotFoundListener::onKernelException".
PHP message: [debug] Notified event "kernel.exception" to listener "ApiPlatform\Core\Bridge\Symfony\Validator\EventListener\ValidationExceptionListener::onKernelException".
PHP message: [debug] Notified event "kernel.exception" to listener "Symfony\Component\HttpKernel\EventListener\ErrorListener::logKernelException".
PHP message: [debug] Notified event "kernel.exception" to listener "Symfony\Component\HttpKernel\EventListener\ProfilerListener::onKernelException".
PHP message: [debug] Notified event "kernel.exception" to listener "Symfony\Compo
2022/05/25 10:46:59 [error] 34#34: *3 FastCGI sent in stderr: "PHP message: [debug] Notified event "kernel.request" to listener "Symfony\Component\HttpKernel\EventListener\DebugHandlersListener::configure".
PHP message: [debug] Notified event "kernel.request" to listener "Symfony\Component\HttpKernel\EventListener\ValidateRequestListener::onKernelRequest".
PHP message: [debug] Notified event "kernel.request" to listener "Nelmio\CorsBundle\EventListener\CorsListener::onKernelRequest".
PHP message: [debug] Notified event "kernel.request" to listener "Symfony\Component\HttpKernel\EventListener\SessionListener::onKernelRequest".
PHP message: [debug] Notified event "kernel.request" to listener "Symfony\Component\HttpKernel\EventListener\LocaleListener::setDefaultLocale".
PHP message: [debug] Notified event "kernel.request" to listener "Symfony\Component\HttpKernel\EventListener\RouterListener::onKernelRequest".
PHP message: [error] Uncaught PHP Exception Symfony\Component\HttpKernel\Exception\NotFoundHttpException: "No route found for "GET http://rayzen.ddns.net/"" at /var/www/vendor/symfony/http-kernel/EventListener/RouterListener.php line 136
PHP message: [debug] Notified event "kernel.exception" to listener "BabDev\PagerfantaBundle\EventListener\ConvertNotValidCurrentPageToNotFoundListener::onKernelException".
PHP message: [debug] Notified event "kernel.exception" to listener "BabDev\PagerfantaBundle\EventListener\ConvertNotValidMaxPerPageToNotFoundListener::onKernelException".
PHP message: [debug] Notified event "kernel.exception" to listener "ApiPlatform\Core\Bridge\Symfony\Validator\EventListener\ValidationExceptionListener::onKernelException".
PHP message: [debug] Notified event "kernel.exception" to listener "Symfony\Component\HttpKernel\EventListener\ErrorListener::logKernelException".
PHP message: [debug] Notified event "kernel.exception" to listener "Symfony\Component\HttpKernel\EventListener\ProfilerListener::onKernelException".
PHP message: [debug] Notified event "kernel.exception" to listener "Symfony\C
2022/05/25 10:47:01 [error] 34#34: *3 FastCGI sent in stderr: "PHP message: [debug] Notified event "kernel.request" to listener "Symfony\Component\HttpKernel\EventListener\DebugHandlersListener::configure".
PHP message: [debug] Notified event "kernel.request" to listener "Symfony\Component\HttpKernel\EventListener\ValidateRequestListener::onKernelRequest".
PHP message: [debug] Notified event "kernel.request" to listener "Nelmio\CorsBundle\EventListener\CorsListener::onKernelRequest".
PHP message: [debug] Notified event "kernel.request" to listener "Symfony\Component\HttpKernel\EventListener\SessionListener::onKernelRequest".
PHP message: [debug] Notified event "kernel.request" to listener "Symfony\Component\HttpKernel\EventListener\LocaleListener::setDefaultLocale".
PHP message: [debug] Notified event "kernel.request" to listener "Symfony\Component\HttpKernel\EventListener\RouterListener::onKernelRequest".
PHP message: [error] Uncaught PHP Exception Symfony\Component\HttpKernel\Exception\NotFoundHttpException: "No route found for "GET http://rayzen.ddns.net/favicon.ico" (from "http://rayzen.ddns.net/")" at /var/www/vendor/symfony/http-kernel/EventListener/RouterListener.php line 136
PHP message: [debug] Notified event "kernel.request" to listener "Symfony\Component\HttpKernel\EventListener\DebugHandlersListener::configure".
PHP message: [debug] Notified event "kernel.request" to listener "Symfony\Component\HttpKernel\EventListener\ValidateRequestListener::onKernelRequest".
PHP message: [debug] Notified event "kernel.request" to listener "Nelmio\CorsBundle\EventListener\CorsListener::onKernelRequest".
PHP message: [debug] Notified event "kernel.request" to listener "Symfony\Component\HttpKernel\EventListener\SessionListener::onKernelRequest".
PHP message: [debug] Notified event "kernel.request" to listener "Symfony\Component\HttpKernel\EventListener\LocaleListener::setDefaultLocale".
PHP message: [debug] Notified event "kernel.request" to listener "Symfony\Component\HttpKernel\EventListener\RouterListener::onKern
2022/05/25 10:47:05 [error] 34#34: *3 FastCGI sent in stderr: "lRequest".
PHP message: [debug] Notified event "kernel.request" to listener "Nelmio\CorsBundle\EventListener\CorsListener::onKernelRequest".
PHP message: [debug] Notified event "kernel.request" to listener "Symfony\Component\HttpKernel\EventListener\SessionListener::onKernelRequest".
PHP message: [debug] Notified event "kernel.request" to listener "Symfony\Component\HttpKernel\EventListener\LocaleListener::setDefaultLocale".
PHP message: [debug] Notified event "kernel.request" to listener "Symfony\Component\HttpKernel\EventListener\RouterListener::onKernelRequest".
PHP message: [debug] Notified event "kernel.request" to listener "ApiPlatform\Core\EventListener\QueryParameterValidateListener::onKernelRequest".
PHP message: [debug] Notified event "kernel.request" to listener "Symfony\Component\HttpKernel\EventListener\LocaleListener::onKernelRequest".
PHP message: [debug] Notified event "kernel.request" to listener "Symfony\Component\HttpKernel\EventListener\LocaleAwareListener::onKernelRequest".
PHP message: [debug] Notified event "kernel.request" to listener "Symfony\Bundle\SecurityBundle\Debug\TraceableFirewallListener::configureLogoutUrlGenerator".
PHP message: [debug] Notified event "kernel.request" to listener "Symfony\Bundle\SecurityBundle\Debug\TraceableFirewallListener::onKernelRequest".
PHP message: [debug] Notified event "kernel.request" to listener "ApiPlatform\Core\EventListener\AddFormatListener::onKernelRequest".
PHP message: [debug] Notified event "kernel.request" to listener "ApiPlatform\Core\EventListener\ReadListener::onKernelRequest".
PHP message: [debug] Notified event "kernel.request" to listener "ApiPlatform\Core\Security\EventListener\DenyAccessListener::onSecurity".
PHP message: [debug] Notified event "kernel.request" to listener "ApiPlatform\Core\EventListener\DeserializeListener::onKernelRequest".
PHP message: [debug] Notified event "kernel.request" to listener "ApiPlatform\Core\Security\EventListener\DenyAccessListener::onSe
2022/05/25 10:47:05 [warn] 34#34: *3 an upstream response is buffered to a temporary file /var/cache/nginx/fastcgi_temp/1/00/0000000001 while reading upstream, client: 77.204.106.32, server: localhost, request: "GET /favicon.ico HTTP/1.1", upstream: "fastcgi://172.18.0.3:9000", host: "rayzen.ddns.net", referrer: "http://rayzen.ddns.net/"
2022/05/25 10:47:05 [error] 34#34: *3 FastCGI sent in stderr: "PHP message: 2022-05-25T10:47:05+00:00 [critical] Uncaught Exception: An exception occurred in driver: could not find driverPHP message: 2022-05-25T10:47:05+00:00 [critical] Uncaught Exception: An exception occurred in driver: could not find driver" while reading upstream, client: 77.204.106.32, server: localhost, request: "GET /favicon.ico HTTP/1.1", upstream: "fastcgi://172.18.0.3:9000", host: "rayzen.ddns.net", referrer: "http://rayzen.ddns.net/"
2022/05/25 10:47:49 [error] 33#33: *6 FastCGI sent in stderr: "PHP message: [debug] Notified event "kernel.request" to listener "Symfony\Component\HttpKernel\EventListener\DebugHandlersListener::configure".
PHP message: [debug] Notified event "kernel.request" to listener "Symfony\Component\HttpKernel\EventListener\ValidateRequestListener::onKernelRequest".
PHP message: [debug] Notified event "kernel.request" to listener "Nelmio\CorsBundle\EventListener\CorsListener::onKernelRequest".
PHP message: [debug] Notified event "kernel.request" to listener "Symfony\Component\HttpKernel\EventListener\SessionListener::onKernelRequest".
PHP message: [debug] Notified event "kernel.request" to listener "Symfony\Component\HttpKernel\EventListener\LocaleListener::setDefaultLocale".
PHP message: [debug] Notified event "kernel.request" to listener "Symfony\Component\HttpKernel\EventListener\RouterListener::onKernelRequest".
PHP message: [error] Uncaught PHP Exception Symfony\Component\HttpKernel\Exception\NotFoundHttpException: "No route found for "GET http://rayzen.ddns.net/"" at /var/www/vendor/symfony/http-kernel/EventListener/RouterListener.php line 136
PHP message: [debug] Notified event "kernel.exception" to listener "BabDev\PagerfantaBundle\EventListener\ConvertNotValidCurrentPageToNotFoundListener::onKernelException".
PHP message: [debug] Notified event "kernel.exception" to listener "BabDev\PagerfantaBundle\EventListener\ConvertNotValidMaxPerPageToNotFoundListener::onKernelException".
PHP message: [debug] Notified event "kernel.exception" to listener "ApiPlatform\Core\Bridge\Symfony\Validator\EventListener\ValidationExceptionListener::onKernelException".
PHP message: [debug] Notified event "kernel.exception" to listener "Symfony\Component\HttpKernel\EventListener\ErrorListener::logKernelException".
PHP message: [debug] Notified event "kernel.exception" to listener "Symfony\Component\HttpKernel\EventListener\ProfilerListener::onKernelException".
PHP message: [debug] Notified event "kernel.exception" to listener "Symfony\C
2022/05/25 10:48:04 [error] 31#31: *8 FastCGI sent in stderr: "PHP message: [debug] Notified event "kernel.request" to listener "Symfony\Component\HttpKernel\EventListener\DebugHandlersListener::configure".
PHP message: [debug] Notified event "kernel.request" to listener "Symfony\Component\HttpKernel\EventListener\ValidateRequestListener::onKernelRequest".
PHP message: [debug] Notified event "kernel.request" to listener "Nelmio\CorsBundle\EventListener\CorsListener::onKernelRequest".
PHP message: [debug] Notified event "kernel.request" to listener "Symfony\Component\HttpKernel\EventListener\SessionListener::onKernelRequest".
PHP message: [debug] Notified event "kernel.request" to listener "Symfony\Component\HttpKernel\EventListener\LocaleListener::setDefaultLocale".
PHP message: [debug] Notified event "kernel.request" to listener "Symfony\Component\HttpKernel\EventListener\RouterListener::onKernelRequest".
PHP message: [error] Uncaught PHP Exception Symfony\Component\HttpKernel\Exception\NotFoundHttpException: "No route found for "GET http://rayzen.ddns.net/"" at /var/www/vendor/symfony/http-kernel/EventListener/RouterListener.php line 136
PHP message: [debug] Notified event "kernel.exception" to listener "BabDev\PagerfantaBundle\EventListener\ConvertNotValidCurrentPageToNotFoundListener::onKernelException".
PHP message: [debug] Notified event "kernel.exception" to listener "BabDev\PagerfantaBundle\EventListener\ConvertNotValidMaxPerPageToNotFoundListener::onKernelException".
PHP message: [debug] Notified event "kernel.exception" to listener "ApiPlatform\Core\Bridge\Symfony\Validator\EventListener\ValidationExceptionListener::onKernelException".
PHP message: [debug] Notified event "kernel.exception" to listener "Symfony\Component\HttpKernel\EventListener\ErrorListener::logKernelException".
PHP message: [debug] Notified event "kernel.exception" to listener "Symfony\Component\HttpKernel\EventListener\ProfilerListener::onKernelException".
PHP message: [debug] Notified event "kernel.exception" to listener "Symfony\C
2022/05/25 10:59:49 [error] 32#32: *10 FastCGI sent in stderr: "PHP message: [debug] Notified event "kernel.request" to listener "Symfony\Component\HttpKernel\EventListener\DebugHandlersListener::configure".
PHP message: [debug] Notified event "kernel.request" to listener "Symfony\Component\HttpKernel\EventListener\ValidateRequestListener::onKernelRequest".
PHP message: [debug] Notified event "kernel.request" to listener "Nelmio\CorsBundle\EventListener\CorsListener::onKernelRequest".
PHP message: [debug] Notified event "kernel.request" to listener "App\EventListener\LocaleListener::onKernelRequest".
PHP message: [debug] Notified event "kernel.request" to listener "Symfony\Component\HttpKernel\EventListener\SessionListener::onKernelRequest".
PHP message: [debug] Notified event "kernel.request" to listener "Symfony\Component\HttpKernel\EventListener\LocaleListener::setDefaultLocale".
PHP message: [debug] Notified event "kernel.request" to listener "Symfony\Component\HttpKernel\EventListener\RouterListener::onKernelRequest".
PHP message: [error] Uncaught PHP Exception Symfony\Component\HttpKernel\Exception\NotFoundHttpException: "No route found for "GET http://93.29.97.77/"" at /var/www/vendor/symfony/http-kernel/EventListener/RouterListener.php line 136
PHP message: [debug] Notified event "kernel.exception" to listener "BabDev\PagerfantaBundle\EventListener\ConvertNotValidCurrentPageToNotFoundListener::onKernelException".
PHP message: [debug] Notified event "kernel.exception" to listener "BabDev\PagerfantaBundle\EventListener\ConvertNotValidMaxPerPageToNotFoundListener::onKernelException".
PHP message: [debug] Notified event "kernel.exception" to listener "ApiPlatform\Core\Bridge\Symfony\Validator\EventListener\ValidationExceptionListener::onKernelException".
PHP message: [debug] Notified event "kernel.exception" to listener "Symfony\Component\HttpKernel\EventListener\ErrorListener::logKernelException".
PHP message: [debug] Notified event "kernel.exception" to listener "Symfony\Component\HttpKernel\EventListener\
2022/05/25 11:18:16 [error] 32#32: *12 FastCGI sent in stderr: "PHP message: [debug] Notified event "kernel.request" to listener "Symfony\Component\HttpKernel\EventListener\DebugHandlersListener::configure".
PHP message: [debug] Notified event "kernel.request" to listener "Symfony\Component\HttpKernel\EventListener\ValidateRequestListener::onKernelRequest".
PHP message: [debug] Notified event "kernel.request" to listener "Nelmio\CorsBundle\EventListener\CorsListener::onKernelRequest".
PHP message: [debug] Notified event "kernel.request" to listener "App\EventListener\LocaleListener::onKernelRequest".
PHP message: [debug] Notified event "kernel.request" to listener "Symfony\Component\HttpKernel\EventListener\SessionListener::onKernelRequest".
PHP message: [debug] Notified event "kernel.request" to listener "Symfony\Component\HttpKernel\EventListener\LocaleListener::setDefaultLocale".
PHP message: [debug] Notified event "kernel.request" to listener "Symfony\Component\HttpKernel\EventListener\RouterListener::onKernelRequest".
PHP message: [error] Uncaught PHP Exception Symfony\Component\HttpKernel\Exception\NotFoundHttpException: "No route found for "POST http://93.29.97.77/cgi-bin/index2.asp" (from "http://93.29.97.77:80/cgi-bin/index2.asp")" at /var/www/vendor/symfony/http-kernel/EventListener/RouterListener.php line 136
PHP message: [debug] Notified event "kernel.request" to listener "Symfony\Component\HttpKernel\EventListener\DebugHandlersListener::configure".
PHP message: [debug] Notified event "kernel.request" to listener "Symfony\Component\HttpKernel\EventListener\ValidateRequestListener::onKernelRequest".
PHP message: [debug] Notified event "kernel.request" to listener "Nelmio\CorsBundle\EventListener\CorsListener::onKernelRequest".
PHP message: [debug] Notified event "kernel.request" to listener "App\EventListener\LocaleListener::onKernelRequest".
PHP message: [debug] Notified event "kernel.request" to listener "Symfony\Component\HttpKernel\EventListener\SessionListener::onKernelRequest".
PHP message: [deb
2022/05/25 11:18:20 [error] 32#32: *12 FastCGI sent in stderr: "d event "kernel.request" to listener "Symfony\Component\HttpKernel\EventListener\DebugHandlersListener::configure".
PHP message: [debug] Notified event "kernel.request" to listener "Symfony\Component\HttpKernel\EventListener\ValidateRequestListener::onKernelRequest".
PHP message: [debug] Notified event "kernel.request" to listener "Nelmio\CorsBundle\EventListener\CorsListener::onKernelRequest".
PHP message: [debug] Notified event "kernel.request" to listener "App\EventListener\LocaleListener::onKernelRequest".
PHP message: [debug] Notified event "kernel.request" to listener "Symfony\Component\HttpKernel\EventListener\SessionListener::onKernelRequest".
PHP message: [debug] Notified event "kernel.request" to listener "Symfony\Component\HttpKernel\EventListener\LocaleListener::setDefaultLocale".
PHP message: [debug] Notified event "kernel.request" to listener "Symfony\Component\HttpKernel\EventListener\RouterListener::onKernelRequest".
PHP message: [debug] Notified event "kernel.request" to listener "ApiPlatform\Core\EventListener\QueryParameterValidateListener::onKernelRequest".
PHP message: [debug] Notified event "kernel.request" to listener "Symfony\Component\HttpKernel\EventListener\LocaleListener::onKernelRequest".
PHP message: [debug] Notified event "kernel.request" to listener "Symfony\Component\HttpKernel\EventListener\LocaleAwareListener::onKernelRequest".
PHP message: [debug] Notified event "kernel.request" to listener "Symfony\Bundle\SecurityBundle\Debug\TraceableFirewallListener::configureLogoutUrlGenerator".
PHP message: [debug] Notified event "kernel.request" to listener "Symfony\Bundle\SecurityBundle\Debug\TraceableFirewallListener::onKernelRequest".
PHP message: [debug] Notified event "kernel.request" to listener "ApiPlatform\Core\EventListener\AddFormatListener::onKernelRequest".
PHP message: [debug] Notified event "kernel.request" to listener "ApiPlatform\Core\EventListener\ReadListener::onKernelRequest".
PHP message: [debug] Notified
2022/05/25 11:18:20 [warn] 32#32: *12 an upstream response is buffered to a temporary file /var/cache/nginx/fastcgi_temp/2/00/0000000002 while reading upstream, client: 185.44.81.114, server: localhost, request: "POST /cgi-bin/index2.asp HTTP/1.1", upstream: "fastcgi://172.18.0.3:9000", host: "93.29.97.77:80", referrer: "http://93.29.97.77:80/cgi-bin/index2.asp"
2022/05/25 11:18:20 [error] 32#32: *12 FastCGI sent in stderr: "PHP message: 2022-05-25T11:18:20+00:00 [critical] Uncaught Exception: An exception occurred in driver: could not find driverPHP message: 2022-05-25T11:18:20+00:00 [critical] Uncaught Exception: An exception occurred in driver: could not find driver" while reading upstream, client: 185.44.81.114, server: localhost, request: "POST /cgi-bin/index2.asp HTTP/1.1", upstream: "fastcgi://172.18.0.3:9000", host: "93.29.97.77:80", referrer: "http://93.29.97.77:80/cgi-bin/index2.asp"
2022/05/25 11:24:39 [error] 32#32: *14 FastCGI sent in stderr: "PHP message: [debug] Notified event "kernel.request" to listener "Symfony\Component\HttpKernel\EventListener\DebugHandlersListener::configure".
PHP message: [debug] Notified event "kernel.request" to listener "Symfony\Component\HttpKernel\EventListener\ValidateRequestListener::onKernelRequest".
PHP message: [debug] Notified event "kernel.request" to listener "Nelmio\CorsBundle\EventListener\CorsListener::onKernelRequest".
PHP message: [debug] Notified event "kernel.request" to listener "App\EventListener\LocaleListener::onKernelRequest".
PHP message: [debug] Notified event "kernel.request" to listener "Symfony\Component\HttpKernel\EventListener\SessionListener::onKernelRequest".
PHP message: [debug] Notified event "kernel.request" to listener "Symfony\Component\HttpKernel\EventListener\LocaleListener::setDefaultLocale".
PHP message: [debug] Notified event "kernel.request" to listener "Symfony\Component\HttpKernel\EventListener\RouterListener::onKernelRequest".
PHP message: [error] Uncaught PHP Exception Symfony\Component\HttpKernel\Exception\NotFoundHttpException: "No route found for "GET http://rayzen.ddns.net/api"" at /var/www/vendor/symfony/http-kernel/EventListener/RouterListener.php line 136
PHP message: [debug] Notified event "kernel.request" to listener "Symfony\Component\HttpKernel\EventListener\DebugHandlersListener::configure".
PHP message: [debug] Notified event "kernel.request" to listener "Symfony\Component\HttpKernel\EventListener\ValidateRequestListener::onKernelRequest".
PHP message: [debug] Notified event "kernel.request" to listener "Nelmio\CorsBundle\EventListener\CorsListener::onKernelRequest".
PHP message: [debug] Notified event "kernel.request" to listener "App\EventListener\LocaleListener::onKernelRequest".
PHP message: [debug] Notified event "kernel.request" to listener "Symfony\Component\HttpKernel\EventListener\SessionListener::onKernelRequest".
PHP message: [debug] Notified event "kernel.request" to listener "Symfony\Compo
2022/05/25 11:24:43 [error] 32#32: *14 FastCGI sent in stderr: "rnel\EventListener\DebugHandlersListener::configure".
PHP message: [debug] Notified event "kernel.request" to listener "Symfony\Component\HttpKernel\EventListener\ValidateRequestListener::onKernelRequest".
PHP message: [debug] Notified event "kernel.request" to listener "Nelmio\CorsBundle\EventListener\CorsListener::onKernelRequest".
PHP message: [debug] Notified event "kernel.request" to listener "App\EventListener\LocaleListener::onKernelRequest".
PHP message: [debug] Notified event "kernel.request" to listener "Symfony\Component\HttpKernel\EventListener\SessionListener::onKernelRequest".
PHP message: [debug] Notified event "kernel.request" to listener "Symfony\Component\HttpKernel\EventListener\LocaleListener::setDefaultLocale".
PHP message: [debug] Notified event "kernel.request" to listener "Symfony\Component\HttpKernel\EventListener\RouterListener::onKernelRequest".
PHP message: [debug] Notified event "kernel.request" to listener "ApiPlatform\Core\EventListener\QueryParameterValidateListener::onKernelRequest".
PHP message: [debug] Notified event "kernel.request" to listener "Symfony\Component\HttpKernel\EventListener\LocaleListener::onKernelRequest".
PHP message: [debug] Notified event "kernel.request" to listener "Symfony\Component\HttpKernel\EventListener\LocaleAwareListener::onKernelRequest".
PHP message: [debug] Notified event "kernel.request" to listener "Symfony\Bundle\SecurityBundle\Debug\TraceableFirewallListener::configureLogoutUrlGenerator".
PHP message: [debug] Notified event "kernel.request" to listener "Symfony\Bundle\SecurityBundle\Debug\TraceableFirewallListener::onKernelRequest".
PHP message: [debug] Notified event "kernel.request" to listener "ApiPlatform\Core\EventListener\AddFormatListener::onKernelRequest".
PHP message: [debug] Notified event "kernel.request" to listener "ApiPlatform\Core\EventListener\ReadListener::onKernelRequest".
PHP message: [debug] Notified event "kernel.request" to listener "ApiPlatform\Core\Security
2022/05/25 11:24:43 [warn] 32#32: *14 an upstream response is buffered to a temporary file /var/cache/nginx/fastcgi_temp/3/00/0000000003 while reading upstream, client: 77.204.106.32, server: localhost, request: "GET /api HTTP/1.1", upstream: "fastcgi://172.18.0.3:9000", host: "rayzen.ddns.net"
2022/05/25 11:24:43 [error] 32#32: *14 FastCGI sent in stderr: "PHP message: 2022-05-25T11:24:43+00:00 [critical] Uncaught Exception: An exception occurred in driver: could not find driverPHP message: 2022-05-25T11:24:43+00:00 [critical] Uncaught Exception: An exception occurred in driver: could not find driver" while reading upstream, client: 77.204.106.32, server: localhost, request: "GET /api HTTP/1.1", upstream: "fastcgi://172.18.0.3:9000", host: "rayzen.ddns.net"
2022/05/25 11:39:38 [error] 32#32: *16 FastCGI sent in stderr: "PHP message: [debug] Notified event "kernel.request" to listener "Symfony\Component\HttpKernel\EventListener\DebugHandlersListener::configure".
PHP message: [debug] Notified event "kernel.request" to listener "Symfony\Component\HttpKernel\EventListener\ValidateRequestListener::onKernelRequest".
PHP message: [debug] Notified event "kernel.request" to listener "Nelmio\CorsBundle\EventListener\CorsListener::onKernelRequest".
PHP message: [debug] Notified event "kernel.request" to listener "App\EventListener\LocaleListener::onKernelRequest".
PHP message: [debug] Notified event "kernel.request" to listener "Symfony\Component\HttpKernel\EventListener\SessionListener::onKernelRequest".
PHP message: [debug] Notified event "kernel.request" to listener "Symfony\Component\HttpKernel\EventListener\LocaleListener::setDefaultLocale".
PHP message: [debug] Notified event "kernel.request" to listener "Symfony\Component\HttpKernel\EventListener\RouterListener::onKernelRequest".
PHP message: [error] Uncaught PHP Exception Symfony\Component\HttpKernel\Exception\NotFoundHttpException: "No route found for "GET http://93.29.97.77/"" at /var/www/vendor/symfony/http-kernel/EventListener/RouterListener.php line 136
PHP message: [debug] Notified event "kernel.exception" to listener "BabDev\PagerfantaBundle\EventListener\ConvertNotValidCurrentPageToNotFoundListener::onKernelException".
PHP message: [debug] Notified event "kernel.exception" to listener "BabDev\PagerfantaBundle\EventListener\ConvertNotValidMaxPerPageToNotFoundListener::onKernelException".
PHP message: [debug] Notified event "kernel.exception" to listener "ApiPlatform\Core\Bridge\Symfony\Validator\EventListener\ValidationExceptionListener::onKernelException".
PHP message: [debug] Notified event "kernel.exception" to listener "Symfony\Component\HttpKernel\EventListener\ErrorListener::logKernelException".
PHP message: [debug] Notified event "kernel.exception" to listener "Symfony\Component\HttpKernel\EventListener\
